Base path: '/Applications/Unity/Hub/Editor/2020.1.6f1/Unity.app/Contents', plugins path '/Applications/Unity/Hub/Editor/2020.1.6f1/Unity.app/Contents/PlaybackEngines'
Cmd: initializeCompiler
Cmd: compileComputeKernel
  error: 1 plat 14 at RayTracer.compute(51): value cannot be infinity, isinf() may not be necessary.  /Gis may force isinf() to be performed
  error: 1 plat 14 at RayTracer.compute(58): use of potentially uninitialized variable (shadeHit)
  api=14 insize=3715 outsize=121581 ok=1
Cmd: compileComputeKernel
  error: 1 plat 14 at RayTracer.compute(51): value cannot be infinity, isinf() may not be necessary.  /Gis may force isinf() to be performed
  error: 1 plat 14 at RayTracer.compute(58): use of potentially uninitialized variable (shadeHit)
  api=14 insize=3715 outsize=121066 ok=1
Cmd: compileComputeKernel
  error: 1 plat 14 at RayTracer.compute(51): value cannot be infinity, isinf() may not be necessary.  /Gis may force isinf() to be performed
  error: 1 plat 14 at RayTracer.compute(58): use of potentially uninitialized variable (shadeHit)
  api=14 insize=3715 outsize=105007 ok=1
Cmd: compileComputeKernel
  error: 1 plat 14 at RayTracer.compute(51): value cannot be infinity, isinf() may not be necessary.  /Gis may force isinf() to be performed
  error: 1 plat 14 at RayTracer.compute(58): use of potentially uninitialized variable (shadeHit)
  api=14 insize=3715 outsize=110972 ok=1
Cmd: compileComputeKernel
  error: 1 plat 14 at RayTracer.compute(51): value cannot be infinity, isinf() may not be necessary.  /Gis may force isinf() to be performed
  error: 1 plat 14 at RayTracer.compute(58): use of potentially uninitialized variable (shadeHit)
  api=14 insize=3715 outsize=116400 ok=1
Cmd: compileComputeKernel
  error: 1 plat 14 at RayTracer.compute(51): value cannot be infinity, isinf() may not be necessary.  /Gis may force isinf() to be performed
  error: 1 plat 14 at RayTracer.compute(58): use of potentially uninitialized variable (shadeHit)
  api=14 insize=3715 outsize=108395 ok=1
Cmd: compileComputeKernel
  error: 1 plat 14 at RayTracer.compute(51): value cannot be infinity, isinf() may not be necessary.  /Gis may force isinf() to be performed
  error: 1 plat 14 at RayTracer.compute(58): use of potentially uninitialized variable (shadeHit)
  api=14 insize=3715 outsize=107348 ok=1
Cmd: compileComputeKernel
  error: 1 plat 14 at RayTracer.compute(51): value cannot be infinity, isinf() may not be necessary.  /Gis may force isinf() to be performed
  error: 1 plat 14 at RayTracer.compute(58): use of potentially uninitialized variable (shadeHit)
  api=14 insize=3715 outsize=108010 ok=1
Cmd: compileComputeKernel
  error: 1 plat 14 at RayTracer.compute(51): value cannot be infinity, isinf() may not be necessary.  /Gis may force isinf() to be performed
  error: 1 plat 14 at RayTracer.compute(58): use of potentially uninitialized variable (shadeHit)
  api=14 insize=3715 outsize=108012 ok=1
