Base path: '/Applications/Unity/Hub/Editor/2020.1.6f1/Unity.app/Contents', plugins path '/Applications/Unity/Hub/Editor/2020.1.6f1/Unity.app/Contents/PlaybackEngines'
Cmd: initializeCompiler
Cmd: compileComputeKernel
  error: 1 plat 14 at RayTracer.compute(51): value cannot be infinity, isinf() may not be necessary.  /Gis may force isinf() to be performed
  error: 1 plat 14 at RayTracer.compute(58): use of potentially uninitialized variable (shadeHit)
  api=14 insize=3715 outsize=113685 ok=1
Cmd: compileComputeKernel
  error: 1 plat 14 at RayTracer.compute(51): value cannot be infinity, isinf() may not be necessary.  /Gis may force isinf() to be performed
  error: 1 plat 14 at RayTracer.compute(58): use of potentially uninitialized variable (shadeHit)
  api=14 insize=3715 outsize=119349 ok=1
Cmd: compileComputeKernel
  error: 1 plat 14 at RayTracer.compute(51): value cannot be infinity, isinf() may not be necessary.  /Gis may force isinf() to be performed
  error: 1 plat 14 at RayTracer.compute(58): use of potentially uninitialized variable (shadeHit)
  api=14 insize=3715 outsize=99536 ok=1
Cmd: compileComputeKernel
  error: 1 plat 14 at RayTracer.compute(51): value cannot be infinity, isinf() may not be necessary.  /Gis may force isinf() to be performed
  error: 1 plat 14 at RayTracer.compute(58): use of potentially uninitialized variable (shadeHit)
  api=14 insize=3715 outsize=116400 ok=1
Cmd: compileComputeKernel
  error: 1 plat 14 at RayTracer.compute(51): value cannot be infinity, isinf() may not be necessary.  /Gis may force isinf() to be performed
  error: 1 plat 14 at RayTracer.compute(58): use of potentially uninitialized variable (shadeHit)
  api=14 insize=3715 outsize=110972 ok=1
